<?xml version="1.0" encoding="UTF-8"?>
<!-- Generated by org.testng.reporters.JUnitXMLReporter -->
<testsuite ignored="0" hostname="wetechnolabs13" failures="0" tests="19" name="Default test" time="26.126" errors="0" timestamp="2024-03-18T10:03:39 GMT-04:00">
  <testcase classname="com.api.test.Test_API_TextDrip" name="Login_user_API" time="3.018"/>
  <testcase classname="com.api.test.Test_API_TextDrip" name="Get_Profile" time="1.221"/>
  <testcase classname="com.api.test.Test_API_TextDrip" name="Get_campaign" time="1.247"/>
  <testcase classname="com.api.test.Test_API_TextDrip" name="Get_Tag" time="1.154"/>
  <testcase classname="com.api.test.Test_API_TextDrip" name="Get_QuickResponse" time="1.159"/>
  <testcase classname="com.api.test.Test_API_TextDrip" name="Get_PhoneList" time="1.141"/>
  <testcase classname="com.api.test.Test_API_TextDrip" name="Create_contact" time="1.601"/>
  <testcase classname="com.api.test.Test_API_TextDrip" name="get_contact_details" time="1.196"/>
  <testcase classname="com.api.test.Test_API_TextDrip" name="get_conversations" time="1.183"/>
  <testcase classname="com.api.test.Test_API_TextDrip" name="get_chat" time="1.132"/>
  <testcase classname="com.api.test.Test_API_TextDrip" name="get_drip_messages" time="1.173"/>
  <testcase classname="com.api.test.Test_API_TextDrip" name="get_delivery_rate" time="1.128"/>
  <testcase classname="com.api.test.Test_API_TextDrip" name="archive_contact" time="1.124"/>
  <testcase classname="com.api.test.Test_API_TextDrip" name="add_campaign" time="1.191"/>
  <testcase classname="com.api.test.Test_API_TextDrip" name="send_message" time="1.322"/>
  <testcase classname="com.api.test.Test_API_TextDrip" name="add_schedule" time="1.191"/>
  <testcase classname="com.api.test.Test_API_TextDrip" name="assign_campaign_contact" time="1.237"/>
  <testcase classname="com.api.test.Test_API_TextDrip" name="update_contact" time="1.136"/>
  <testcase classname="com.api.test.Test_API_TextDrip" name="create_contact_with_tag" time="1.289"/>
</testsuite> <!-- Default test -->
