<?xml version="1.0" encoding="UTF-8"?>
<!-- Generated by org.testng.reporters.JUnitXMLReporter -->
<testsuite ignored="0" hostname="wetechnolabs13" failures="0" tests="19" name="Test" time="25.321" errors="0" timestamp="2024-03-18T10:05:30 GMT-04:00">
  <testcase classname="com.api.test.Test_API_TextDrip" name="Login_user_API" time="2.847"/>
  <testcase classname="com.api.test.Test_API_TextDrip" name="Get_Profile" time="1.144"/>
  <testcase classname="com.api.test.Test_API_TextDrip" name="Get_campaign" time="1.157"/>
  <testcase classname="com.api.test.Test_API_TextDrip" name="Get_Tag" time="1.239"/>
  <testcase classname="com.api.test.Test_API_TextDrip" name="Get_QuickResponse" time="1.073"/>
  <testcase classname="com.api.test.Test_API_TextDrip" name="Get_PhoneList" time="1.156"/>
  <testcase classname="com.api.test.Test_API_TextDrip" name="Create_contact" time="1.569"/>
  <testcase classname="com.api.test.Test_API_TextDrip" name="get_contact_details" time="1.235"/>
  <testcase classname="com.api.test.Test_API_TextDrip" name="get_conversations" time="1.127"/>
  <testcase classname="com.api.test.Test_API_TextDrip" name="get_chat" time="1.169"/>
  <testcase classname="com.api.test.Test_API_TextDrip" name="get_drip_messages" time="1.114"/>
  <testcase classname="com.api.test.Test_API_TextDrip" name="get_delivery_rate" time="1.163"/>
  <testcase classname="com.api.test.Test_API_TextDrip" name="archive_contact" time="1.19"/>
  <testcase classname="com.api.test.Test_API_TextDrip" name="add_campaign" time="1.227"/>
  <testcase classname="com.api.test.Test_API_TextDrip" name="send_message" time="1.328"/>
  <testcase classname="com.api.test.Test_API_TextDrip" name="add_schedule" time="1.237"/>
  <testcase classname="com.api.test.Test_API_TextDrip" name="assign_campaign_contact" time="1.205"/>
  <testcase classname="com.api.test.Test_API_TextDrip" name="update_contact" time="1.151"/>
  <testcase classname="com.api.test.Test_API_TextDrip" name="create_contact_with_tag" time="1.255"/>
</testsuite> <!-- Test -->
